[00:05:10] [main/INFO]: Loading Minecraft 1.21.1 with Fabric Loader 0.16.3
[00:05:10] [main/INFO]: Loading 4 mods:
	- fabricloader 0.16.3
	   \-- mixinextras 0.4.1
	- java 21
	- minecraft 1.21.1
[00:05:10] [main/INFO]: SpongePowered MIXIN Subsystem Version=0.8.7 Source=file:/workspaces/MinecraftJMC/servidor_minecraft/libraries/net/fabricmc/sponge-mixin/0.15.2+mixin.0.8.7/sponge-mixin-0.15.2+mixin.0.8.7.jar Service=Knot/Fabric Env=SERVER
[00:05:15] [main/INFO]: Environment: Environment[sessionHost=https://sessionserver.mojang.com, servicesHost=https://api.minecraftservices.com, name=PROD]
[00:05:16] [main/INFO]: No existing world data, creating new world
[00:05:17] [main/INFO]: Loaded 1290 recipes
[00:05:17] [main/INFO]: Loaded 1399 advancements
[00:05:18] [Server thread/INFO]: Starting minecraft server version 1.21.1
[00:05:18] [Server thread/INFO]: Loading properties
[00:05:18] [Server thread/INFO]: Default game type: SURVIVAL
[00:05:18] [Server thread/INFO]: Generating keypair
[00:05:18] [Server thread/INFO]: Starting Minecraft server on *:25565
[00:05:18] [Server thread/INFO]: Using epoll channel type
[00:05:18] [Server thread/WARN]: **** SERVER IS RUNNING IN OFFLINE/INSECURE MODE!
[00:05:18] [Server thread/WARN]: The server will make no attempt to authenticate usernames. Beware.
[00:05:18] [Server thread/WARN]: While this makes the game possible to play without internet access, it also opens up the ability for hackers to connect with any username they choose.
[00:05:18] [Server thread/WARN]: To change this, set "online-mode" to "true" in the server.properties file.
[00:05:18] [Server thread/INFO]: Preparing level "world"
[00:05:23] [Server thread/INFO]: Preparing start region for dimension minecraft:overworld
[00:05:23] [Worker-Main-3/INFO]: Preparing spawn area: 2%
[00:05:24] [Worker-Main-2/INFO]: Preparing spawn area: 2%
[00:05:24] [Worker-Main-1/INFO]: Preparing spawn area: 2%
[00:05:25] [Worker-Main-2/INFO]: Preparing spawn area: 2%
[00:05:25] [Worker-Main-2/INFO]: Preparing spawn area: 18%
[00:05:26] [Worker-Main-1/INFO]: Preparing spawn area: 18%
[00:05:26] [Worker-Main-3/INFO]: Preparing spawn area: 18%
[00:05:27] [Worker-Main-2/INFO]: Preparing spawn area: 36%
[00:05:27] [Worker-Main-1/INFO]: Preparing spawn area: 51%
[00:05:28] [Worker-Main-1/INFO]: Preparing spawn area: 51%
[00:05:29] [Server thread/INFO]: Time elapsed: 5100 ms
[00:05:29] [Server thread/INFO]: Done (10.686s)! For help, type "help"
